<?xml version="1.0" encoding="UTF-8"?>
<!-- Generated by org.testng.reporters.JUnitReportReporter -->
<testsuite skipped="0" hostname="HomePC" name="test.AddCustomerTest" tests="1" failures="0" timestamp="2022-02-21T12:52:01 PST" time="10.082" errors="0">
  <testcase name="validUserShouldBeAbleToCreateAccount" time="10.082" classname="test.AddCustomerTest"/>
  <system-out/>
</testsuite> <!-- test.AddCustomerTest -->
