<?xml version="1.0" encoding="UTF-8"?>
<!-- Generated by org.testng.reporters.JUnitReportReporter -->
<testsuite skipped="0" hostname="HomePC" name="test.LoginTest" tests="1" failures="0" timestamp="2022-02-21T12:52:24 PST" time="6.895" errors="0">
  <testcase name="validUserShouldBeLogin" time="6.895" classname="test.LoginTest"/>
  <system-out/>
</testsuite> <!-- test.LoginTest -->
