<?xml version="1.0" encoding="UTF-8"?>
<!-- Generated by org.testng.reporters.JUnitReportReporter -->
<testsuite skipped="0" hostname="LAPTOP-28J09CSL" name="util.BrowserFactory" tests="1" failures="0" timestamp="2022-02-15T16:56:50 CST" time="4.997" errors="0">
  <testcase name="init" time="4.997" classname="util.BrowserFactory"/>
  <system-out/>
</testsuite> <!-- util.BrowserFactory -->
